[2025-11-25 23:05:24.274] [INFO] 程序启动...
[2025-11-25 23:05:29.952] [INFO] Service: [UserServiceImpl] Method: [login] Operation: [查询] Args: [admin, admin123] Time: [170ms] Status: [Success]
[2025-11-25 23:05:33.524] [INFO] Service: [UserServiceImpl] Method: [listStudents] Operation: [查询] Time: [13ms] ResultSize: [100] Status: [Success]
[2025-11-25 23:05:36.452] [INFO] Service: [UserServiceImpl] Method: [getUserById] Operation: [查询] Args: [105] Time: [3ms] Status: [Success]
[2025-11-25 23:06:10.251] [INFO] Service: [UserServiceImpl] Method: [updateUser] Operation: [修改] Args: [User{id=105, username='2411160224', role='Student', name='testLog', className='计算机2024-2班', majorName='计算机科学与技术'}] Time: [35ms] Status: [Success]
[2025-11-25 23:14:04.178] [INFO] 程序启动...
[2025-11-25 23:16:48.871] [INFO] Service: [UserServiceImpl] Method: [login] Operation: [查询] Args: [admin, admin123] Time: [153ms] Status: [Success]
[2025-11-25 23:19:11.775] [INFO] Service: [UserServiceImpl] Method: [addStudent] Operation: [新增] Args: [User{id=null, username='', role='Student', name='5', className='', majorName=''}] Time: [27ms] Status: [Success]
[2025-11-25 23:19:46.162] [INFO] Service: [UserServiceImpl] Method: [listStudents] Operation: [查询] Time: [30ms] ResultSize: [101] Status: [Success]
[2025-11-25 23:19:49.762] [INFO] Service: [UserServiceImpl] Method: [getUserById] Operation: [查询] Args: [107] Time: [4ms] Status: [Success]
[2025-11-25 23:19:52.661] [INFO] Service: [UserServiceImpl] Method: [deleteUser] Operation: [删除] Args: [107] Time: [9ms] Status: [Success]
[2025-11-25 23:19:59.693] [INFO] Service: [UserServiceImpl] Method: [listStudents] Operation: [查询] Time: [12ms] ResultSize: [100] Status: [Success]
[2025-11-25 23:20:07.477] [INFO] Service: [UserServiceImpl] Method: [getUserById] Operation: [查询] Args: [7] Time: [2ms] Status: [Success]
[2025-11-25 23:20:09.940] [ERROR] Service: [UserServiceImpl] Method: [deleteUser] Operation: [删除] Args: [7] Status: [Error] Exception: null
[2025-11-25 23:20:18.088] [INFO] Service: [UserServiceImpl] Method: [listStudents] Operation: [查询] Time: [12ms] ResultSize: [100] Status: [Success]
[2025-11-25 23:20:29.652] [INFO] Service: [UserServiceImpl] Method: [listStudents] Operation: [查询] Time: [4ms] ResultSize: [100] Status: [Success]
[2025-11-25 23:20:31.480] [INFO] Service: [UserServiceImpl] Method: [getUserById] Operation: [查询] Args: [7] Time: [2ms] Status: [Success]
[2025-11-25 23:21:14.716] [INFO] Service: [UserServiceImpl] Method: [updateUser] Operation: [修改] Args: [User{id=7, username='2410160121', role='Student', name='王规函', className='大数据2024-1班', majorName='数据科学与大数据技术'}] Time: [7ms] Status: [Success]
[2025-11-25 23:21:28.520] [INFO] 程序启动...
[2025-11-25 23:21:36.957] [INFO] Service: [UserServiceImpl] Method: [login] Operation: [查询] Args: [admin, admin123] Time: [180ms] Status: [Success]
[2025-11-25 23:21:40.450] [INFO] Service: [UserServiceImpl] Method: [listStudents] Operation: [查询] Time: [13ms] ResultSize: [100] Status: [Success]
[2025-11-25 23:21:43.126] [INFO] Service: [UserServiceImpl] Method: [getUserById] Operation: [查询] Args: [7] Time: [4ms] Status: [Success]
[2025-11-25 23:22:01.737] [INFO] Service: [UserServiceImpl] Method: [updateUser] Operation: [修改] Args: [User{id=7, username='2410160121', role='Student', name='马如君', className='大数据2024-1班', majorName='数据科学与大数据技术'}] Time: [36ms] Status: [Success]
[2025-11-25 23:26:24.938] [INFO] Service: [UserServiceImpl] Method: [listTeachers] Operation: [查询] Time: [11ms] ResultSize: [5] Status: [Success]
[2025-11-25 23:27:18.262] [INFO] Service: [UserServiceImpl] Method: [addStudent] Operation: [新增] Args: [User{id=null, username='teacher0', role='Teacher', name='陈老师', className='null', majorName='null'}] Time: [8ms] Status: [Success]
[2025-11-25 23:27:47.615] [INFO] Service: [UserServiceImpl] Method: [listTeachers] Operation: [查询] Time: [11ms] ResultSize: [5] Status: [Success]
[2025-11-25 23:30:43.983] [INFO] 程序启动...
[2025-11-25 23:30:50.701] [INFO] Service: [UserServiceImpl] Method: [login] Operation: [查询] Args: [admin, admin123] Time: [176ms] Status: [Success]
[2025-11-25 23:30:53.419] [INFO] Service: [UserServiceImpl] Method: [listTeachers] Operation: [查询] Time: [3ms] ResultSize: [5] Status: [Success]
[2025-11-25 23:31:11.004] [ERROR] Service: [UserServiceImpl] Method: [addTeacher] Operation: [新增] Args: [User{id=null, username='teacher0', role='Teacher', name='陈老师', className='null', majorName='null'}] Status: [Error] Exception: null
[2025-11-25 23:35:18.728] [INFO] 程序启动...
[2025-11-25 23:35:25.384] [INFO] Service: [UserServiceImpl] Method: [login] Operation: [查询] Args: [admin, admin123] Time: [212ms] Status: [Success]
[2025-11-25 23:35:27.737] [INFO] Service: [UserServiceImpl] Method: [listTeachers] Operation: [查询] Time: [4ms] ResultSize: [5] Status: [Success]
[2025-11-25 23:35:43.257] [ERROR] Service: [UserServiceImpl] Method: [addTeacher] Operation: [新增] Args: [User{id=null, username='teacher0', role='Teacher', name='陈老师', className='null', majorName='null'}] Status: [Error] Exception: null
[2025-11-25 23:36:03.655] [INFO] Service: [UserServiceImpl] Method: [addTeacher] Operation: [新增] Args: [User{id=null, username='teacher7', role='Teacher', name='陈老师', className='null', majorName='null'}] Time: [13ms] Status: [Success]
[2025-11-25 23:36:10.623] [INFO] Service: [UserServiceImpl] Method: [listTeachers] Operation: [查询] Time: [9ms] ResultSize: [6] Status: [Success]
[2025-11-25 23:36:29.442] [INFO] Service: [CourseServiceImpl] Method: [listAllCourses] Operation: [查询] Time: [3ms] ResultSize: [11] Status: [Success]
[2025-11-25 23:36:33.623] [INFO] Service: [CourseServiceImpl] Method: [listAllCourses] Operation: [查询] Time: [2ms] ResultSize: [11] Status: [Success]
[2025-11-25 23:36:36.558] [INFO] Service: [CourseServiceImpl] Method: [getCourseById] Operation: [查询] Args: [1] Time: [5ms] Status: [Success]
[2025-11-25 23:44:41.139] [INFO] Service: [CourseServiceImpl] Method: [updateCourse] Operation: [修改] Args: [Course{id=1, courseName='Java 应用开发', credits=3, teacherId=110, className='c', semester='2025-2026-1'}] Time: [10ms] Status: [Success]
[2025-11-25 23:44:52.168] [INFO] Service: [CourseServiceImpl] Method: [listAllCourses] Operation: [查询] Time: [8ms] ResultSize: [11] Status: [Success]
[2025-11-25 23:45:03.853] [INFO] Service: [CourseServiceImpl] Method: [listAllCourses] Operation: [查询] Time: [2ms] ResultSize: [11] Status: [Success]
[2025-11-25 23:45:05.211] [INFO] Service: [CourseServiceImpl] Method: [getCourseById] Operation: [查询] Args: [1] Time: [2ms] Status: [Success]
[2025-11-25 23:45:20.708] [INFO] Service: [CourseServiceImpl] Method: [updateCourse] Operation: [修改] Args: [Course{id=1, courseName='Java 应用开发', credits=3, teacherId=110, className='大数据2024-1班', semester='2025-2026-1'}] Time: [8ms] Status: [Success]
[2025-11-25 23:45:38.967] [INFO] Service: [UserServiceImpl] Method: [listTeachers] Operation: [查询] Time: [9ms] ResultSize: [6] Status: [Success]
[2025-11-25 23:46:08.557] [INFO] Service: [CourseServiceImpl] Method: [createCourse] Operation: [查询] Args: [Course{id=null, courseName='数据科学导论', credits=2, teacherId=110, className='大数据2024-1班', semester='2025-2026-2'}, 110] Time: [8ms] Status: [Success]
[2025-11-25 23:54:08.879] [INFO] 程序启动...
[2025-11-25 23:54:15.592] [INFO] Service: [UserServiceImpl] Method: [login] Operation: [查询] Args: [teacher7, tea123] Time: [180ms] Status: [Success]
[2025-11-25 23:55:05.440] [INFO] Service: [CourseServiceImpl] Method: [listTeacherCourses] Operation: [查询] Args: [110] Time: [6ms] ResultSize: [2] Status: [Success]
[2025-11-25 23:55:08.253] [INFO] Service: [CourseServiceImpl] Method: [getCourseById] Operation: [查询] Args: [1] Time: [3ms] Status: [Success]
[2025-11-25 23:55:57.603] [INFO] Service: [CourseServiceImpl] Method: [listTeacherCourses] Operation: [查询] Args: [110] Time: [2ms] ResultSize: [2] Status: [Success]
[2025-11-25 23:55:58.790] [INFO] Service: [CourseServiceImpl] Method: [getCourseById] Operation: [查询] Args: [1] Time: [2ms] Status: [Success]
[2025-11-25 23:56:24.829] [INFO] Service: [GradeServiceImpl] Method: [addGrade] Operation: [新增] Args: [Grade{id=null, studentId=12, offeringId=1, score=59, courseName='Java 应用开发'}] Time: [26ms] Status: [Success]
[2025-11-25 23:56:31.979] [INFO] Service: [CourseServiceImpl] Method: [listTeacherCourses] Operation: [查询] Args: [110] Time: [7ms] ResultSize: [2] Status: [Success]
[2025-11-25 23:56:33.076] [INFO] Service: [CourseServiceImpl] Method: [getCourseById] Operation: [查询] Args: [1] Time: [2ms] Status: [Success]
[2025-11-25 23:56:33.078] [INFO] Service: [GradeServiceImpl] Method: [queryCourseGrades] Operation: [查询] Args: [1] Time: [2ms] ResultSize: [9] Status: [Success]
[2025-11-25 23:56:33.087] [INFO] Service: [GradeServiceImpl] Method: [calculateCourseAvgScore] Operation: [查询] Args: [1] Time: [9ms] Status: [Success]
[2025-11-25 23:56:33.093] [INFO] Service: [GradeServiceImpl] Method: [calculateCoursePassRate] Operation: [查询] Args: [1] Time: [6ms] Status: [Success]
[2025-11-25 23:56:43.382] [INFO] Service: [CourseServiceImpl] Method: [listTeacherCourses] Operation: [查询] Args: [110] Time: [2ms] ResultSize: [2] Status: [Success]
[2025-11-25 23:56:45.265] [INFO] Service: [CourseServiceImpl] Method: [getCourseById] Operation: [查询] Args: [1] Time: [2ms] Status: [Success]
[2025-11-25 23:56:54.262] [INFO] Service: [GradeServiceImpl] Method: [addGrade] Operation: [新增] Args: [Grade{id=null, studentId=13, offeringId=1, score=60, courseName='Java 应用开发'}] Time: [6ms] Status: [Success]
[2025-11-25 23:58:22.994] [INFO] Service: [CourseServiceImpl] Method: [listTeacherCourses] Operation: [查询] Args: [110] Time: [11ms] ResultSize: [2] Status: [Success]
[2025-11-25 23:58:24.744] [INFO] Service: [CourseServiceImpl] Method: [getCourseById] Operation: [查询] Args: [1] Time: [2ms] Status: [Success]
[2025-11-25 23:58:24.746] [INFO] Service: [GradeServiceImpl] Method: [queryCourseGrades] Operation: [查询] Args: [1] Time: [2ms] ResultSize: [10] Status: [Success]
[2025-11-25 23:58:24.747] [INFO] Service: [GradeServiceImpl] Method: [calculateCourseAvgScore] Operation: [查询] Args: [1] Time: [1ms] Status: [Success]
[2025-11-25 23:58:24.748] [INFO] Service: [GradeServiceImpl] Method: [calculateCoursePassRate] Operation: [查询] Args: [1] Time: [1ms] Status: [Success]
